
<!DOCTYPE html>
<html>


<head>
	<meta charset='utf-8' /> 
	<meta name='description' content='' />
	<meta name='robots' content='noodp, noydir' />
	<meta name='viewport' content='width=device-width, initial-scale=1' />
	<meta id="timeStampFormat" name="timeStampFormat" content='MMM d, yyyy hh:mm:ss a'/>
	
	<link href='https://fonts.googleapis.com/css?family=Source+Sans+Pro:400,600' rel='stylesheet' type='text/css'>
	<link href="https://fonts.googleapis.com/icon?family=Material+Icons" rel="stylesheet">

		<link href='https://cdn.rawgit.com/anshooarora/extentreports-java/b4a58fcfd1e137bd9287244035a7c80d3d73b3af/dist/css/extent.css' type='text/css' rel='stylesheet' />
	
	<title>ExtentReports</title>

	<style type='text/css'>
	</style>
</head>

	<body class='extent standard default hide-overflow bdd-report'>
		<div id='theme-selector' alt='Click to toggle theme. To enable by default, use theme configuration.' title='Click to toggle theme. To enable by default, use theme configuration.'>
			<span><i class='material-icons'>desktop_windows</i></span>
		</div>

<nav>
	<div class="nav-wrapper">
		<a href="#!" class="brand-logo blue darken-3">Extent</a>

		<!-- slideout menu -->
		<ul id='slide-out' class='side-nav fixed hide-on-med-and-down'>
			<li class='waves-effect active'><a href='#!' view='test-view' onclick="configureView(0);chartsView('test');"><i class='material-icons'>dashboard</i></a></li>
						<li class='waves-effect'><a href='#!' view='category-view' onclick="configureView(1)"><i class='material-icons'>label_outline</i></a></li>
			<li class='waves-effect'><a href='#!' view='exception-view' onclick="configureView(2)"><i class='material-icons'>bug_report</i></a></li>
			<li class='waves-effect'><a href='#!' onclick="configureView(-1);chartsView('dashboard');" view='dashboard-view'><i class='material-icons'>track_changes</i></i></a></li>
		</ul>

		<!-- report name -->
		<span class='report-name'>ExtentReports</span>
		
		<!-- report headline -->
		<span class='report-headline'></span>

		<!-- nav-right -->
		<ul id='nav-mobile' class='right hide-on-med-and-down nav-right'>
			<li>
                <a href='#!'>
                    <span class='label suite-start-time blue darken-3'>Aug 30, 2020 09:53:35 PM</span>
				</a>
			</li>
			<li>
                <a href='#!'>
                    <span class='label blue darken-3'>3.1.2</span>
				</a>
			</li>
		</ul>
	</div>
</nav>

		<!-- container -->
		<div class='container'>

<div id='test-view' class='view'>
				
	<section id='controls'>
		<div class='controls grey lighten-4'>
			<!-- test toggle -->
			<div class='chip transparent'>
				<a class='dropdown-button tests-toggle' data-activates='tests-toggle' data-constrainwidth='true' data-beloworigin='true' data-hover='true' href='#'>
					<i class='material-icons'>warning</i> Status
				</a>
				<ul id='tests-toggle' class='dropdown-content'>
											<li status='pass'><a href='#!'>Pass <i class='material-icons green-text'>check_circle</i></a></li>
						<li status='fail'><a href='#!'>Fail <i class='material-icons red-text'>cancel</i></a></li>
						<li status='skip'><a href='#!'>Skip <i class='material-icons cyan-text'>redo</i></a></li>
					<li class='divider'></li>
					<li status='clear' clear='true'><a href='#!'>Clear Filters <i class='material-icons'>clear</i></a></li>
				</ul>
			</div>
			<!-- test toggle -->

			<!-- category toggle -->
			<div class='chip transparent'>
				<a class='dropdown-button category-toggle' data-activates='category-toggle' data-constrainwidth='false' data-beloworigin='true' data-hover='true' href='#'>
					<i class='material-icons'>local_offer</i> Category
				</a>
				<ul id='category-toggle' class='dropdown-content'>
					<li><a href='#'>@Login</a></li>
					<li><a href='#'>@Notification</a></li>
					<li><a href='#'>@SignUp</a></li>
					<li class='divider'></li>
					<li class='clear'><a href='#!' clear='true'>Clear Filters</a></li>
				</ul>
			</div>
			<!-- category toggle -->

			<!-- clear filters -->
			<div class='chip transparent hide'>
				<a class='' id='clear-filters' alt='Clear Filters' title='Clear Filters'>
					<i class='material-icons'>close</i> Clear
				</a>
			</div>
			<!-- clear filters -->

			<!-- enable dashboard -->
			<div id='toggle-test-view-charts' class='chip transparent'>
				<a class='pink-text' id='enable-dashboard' alt='Enable Dashboard' title='Enable Dashboard'>
					<i class='material-icons'>track_changes</i> Dashboard
				</a>
			</div>
			<!-- enable dashboard -->

			<!-- search -->
			<div class='chip transparent' alt='Search Tests' title='Search Tests'>
				<a href="#" class='search-div'>
					<i class='material-icons'>search</i> Search
				</a>

				<div class='input-field left hide'>
					<input id='search-tests' type='text' class='validate browser-default' placeholder='Search Tests...'>
				</div>
				
			</div>
			<!-- search -->
		</div>
	</section>


<div id='test-view-charts' class='subview-full'>
	<div id='charts-row' class='row nm-v nm-h'>
		<div class='col s12 m4 l4 np-h'>
			<div class='card-panel nm-v'>
				<div class='left panel-name'>Features</div>
				<div class='chart-box'>
					<canvas id='parent-analysis' width='100' height='80'></canvas>
				</div>
				<div class='block text-small'>
					<span class='tooltipped' data-position='top' data-tooltip='33.333%'><span class='strong'>1</span> feature(s) passed</span>
				</div>
				<div class='block text-small'>
					<span class='strong tooltipped' data-position='top' data-tooltip='66.667%'>2</span> feature(s) failed, <span class='strong tooltipped' data-position='top' data-tooltip='0%'>0</span> others
				</div>
			</div>
		</div>
		
		<div class='col s12 m4 l4 np-h'>
			<div class='card-panel nm-v'>
				<div class='left panel-name'>Scenarios</div>
				<div class='chart-box'>
					<canvas id='child-analysis' width='100' height='80'></canvas>
				</div>
				<div class='block text-small'>
					<span class='tooltipped' data-position='top' data-tooltip='42.105%'><span class='strong'>8</span> scenario(s) passed</span>
				</div>
				<div class='block text-small'>
					<span class='strong tooltipped' data-position='top' data-tooltip='57.895%'>11</span> scenario(s) failed, <span class='strong tooltipped' data-position='top' data-tooltip='0%'>0</span> others
				</div>
			</div>
		</div>
		
		<div class='col s12 m4 l4 np-h'>
			<div class='card-panel nm-v'>
				<div class='left panel-name'>Steps</div>
				<div class='chart-box'>
					<canvas id='grandchild-analysis' width='100' height='80'></canvas>
				</div>
				<div class='block text-small'>
					<span class='tooltipped' data-position='top' data-tooltip='56.122%'><span class='strong'>55</span> step(s) passed</span>
				</div>
				<div class='block text-small'>
					<span class='strong tooltipped' data-position='top' data-tooltip='11.224%'>11</span> step(s) failed, <span class='strong tooltipped' data-position='top' data-tooltip='32.653%'>32</span> others
				</div>
			</div>
		</div>
	</div>
</div>

	<div class='subview-left left'>
		
		<div class='view-summary'>
			<h5>Features</h5>
			<ul id='test-collection' class='test-collection'>
				
				
				<li class='test displayed active has-leaf fail' status='fail' bdd='true' test-id='1'>
					<div class='test-heading'>
						<span class='test-name'>Test Journey Binder Login Functionality</span>
						<span class='test-time'>Aug 30, 2020 09:53:35 PM</span>
						<span class='test-status right fail'>fail</span>
					</div>
					<div class='test-content hide'>
<div class='scenariooutline node' test-id='2' status='fail'>
	<span class='duration right label'>0h 1m 41s+398ms</span>
	<div class='desc'>
		<b>ScenarioOutline</b>
		<span class="desc-text">Verify Sign in with google account.</span>
	</div>
	<ul class='steps'>
		<li test-id='3' class='node scenario fail' status='fail'>
			<div class='category-list'>
				<span class='category label white-text'>@Login</span>
			</div>
			
			<b>Scenario</b>
			
			<span class="bdd-step-name">Verify Sign in with google account.</span>
			
				<ul class='steps'>
					<li test-id='4' class='node given fail' status='fail'><b>Given</b>
						<span class="bdd-step-name">Given SignIn to Journey Binder with Google "praveenjaiswalqa@gmail.com" and "amazon"</span>
							<div class='pre'><pre>org.openqa.selenium.NoSuchElementException: no such element: Unable to locate element: {"method":"xpath","selector":"//input[@type='password']"}
  (Session info: chrome=85.0.4183.83)
For documentation on this error, please visit: https://www.seleniumhq.org/exceptions/no_such_element.html
Build info: version: '3.141.59', revision: 'e82be7d358', time: '2018-11-14T08:17:03'
System info: host: 'DESKTOP-1QIO4VG', ip: '192.168.1.111', os.name: 'Windows 10', os.arch: 'amd64', os.version: '10.0', java.version: '1.8.0_251'
Driver info: org.openqa.selenium.chrome.ChromeDriver
Capabilities {acceptInsecureCerts: false, browserName: chrome, browserVersion: 85.0.4183.83, chrome: {chromedriverVersion: 85.0.4183.83 (94abc2237ae0c..., userDataDir: C:\Users\prave\AppData\Loca...}, goog:chromeOptions: {debuggerAddress: localhost:53357}, javascriptEnabled: true, networkConnectionEnabled: false, pageLoadStrategy: none, platform: WINDOWS, platformName: WINDOWS, proxy: Proxy(), setWindowRect: true, strictFileInteractability: false, timeouts: {implicit: 0, pageLoad: 300000, script: 30000}, unhandledPromptBehavior: dismiss and notify, webauthn:virtualAuthenticators: true}
Session ID: cc24dcda038a71037a3efcb87aeac71f
*** Element info: {Using=xpath, value=//input[@type='password']}
	at sun.reflect.NativeConstructorAccessorImpl.newInstance0(Native Method)
	at sun.reflect.NativeConstructorAccessorImpl.newInstance(Unknown Source)
	at sun.reflect.DelegatingConstructorAccessorImpl.newInstance(Unknown Source)
	at java.lang.reflect.Constructor.newInstance(Unknown Source)
	at org.openqa.selenium.remote.http.W3CHttpResponseCodec.createException(W3CHttpResponseCodec.java:187)
	at org.openqa.selenium.remote.http.W3CHttpResponseCodec.decode(W3CHttpResponseCodec.java:122)
	at org.openqa.selenium.remote.http.W3CHttpResponseCodec.decode(W3CHttpResponseCodec.java:49)
	at org.openqa.selenium.remote.HttpCommandExecutor.execute(HttpCommandExecutor.java:158)
	at org.openqa.selenium.remote.service.DriverCommandExecutor.execute(DriverCommandExecutor.java:83)
	at org.openqa.selenium.remote.RemoteWebDriver.execute(RemoteWebDriver.java:552)
	at org.openqa.selenium.remote.RemoteWebDriver.findElement(RemoteWebDriver.java:323)
	at org.openqa.selenium.remote.RemoteWebDriver.findElementByXPath(RemoteWebDriver.java:428)
	at org.openqa.selenium.By$ByXPath.findElement(By.java:353)
	at org.openqa.selenium.remote.RemoteWebDriver.findElement(RemoteWebDriver.java:315)
	at org.openqa.selenium.support.pagefactory.DefaultElementLocator.findElement(DefaultElementLocator.java:69)
	at org.openqa.selenium.support.pagefactory.internal.LocatingElementHandler.invoke(LocatingElementHandler.java:38)
	at com.sun.proxy.$Proxy22.sendKeys(Unknown Source)
	at PagePanel.LoginPagePanel.switchWindowAndEnterGooglecredentials(LoginPagePanel.java:50)
	at StepDefinition.LoginStep.SignIn_to_Journey_Binder_with_Google_and(LoginStep.java:24)
	at ?.Given SignIn to Journey Binder with Google "praveenjaiswalqa@gmail.com" and "amazon"(Login.feature:15)
</pre></div>
					</li>
					<li test-id='5' class='node when skip' status='skip'><b>When</b>
						<span class="bdd-step-name">When User navigate to Dashboard</span>
							<div class='pre'>skipped</div>
					</li>
					<li test-id='6' class='node then skip' status='skip'><b>Then</b>
						<span class="bdd-step-name">Then Click on user avatar button</span>
							<div class='pre'>skipped</div>
					</li>
					<li test-id='7' class='node then skip' status='skip'><b>Then</b>
						<span class="bdd-step-name">Then Click on SignOut</span>
							<div class='pre'>skipped</div>
					</li>
				</ul>
		</li>
	</ul>
</div>
<div class='scenariooutline node' test-id='8' status='fail'>
	<span class='duration right label'>0h 1m 5s+983ms</span>
	<div class='desc'>
		<b>ScenarioOutline</b>
		<span class="desc-text">Verify Sign in with Facebook account.</span>
	</div>
	<ul class='steps'>
		<li test-id='9' class='node scenario fail' status='fail'>
			<div class='category-list'>
				<span class='category label white-text'>@Login</span>
			</div>
			
			<b>Scenario</b>
			
			<span class="bdd-step-name">Verify Sign in with Facebook account.</span>
			
				<ul class='steps'>
					<li test-id='10' class='node given fail' status='fail'><b>Given</b>
						<span class="bdd-step-name">Given SignIn to Journey Binder with Facebook "demo@journeybinder.com" and "amazon"</span>
							<div class='pre'><pre>org.openqa.selenium.NoSuchElementException: no such element: Unable to locate element: {"method":"xpath","selector":"//*[contains(text(),'Sign In with Facebook')]"}
  (Session info: chrome=85.0.4183.83)
For documentation on this error, please visit: https://www.seleniumhq.org/exceptions/no_such_element.html
Build info: version: '3.141.59', revision: 'e82be7d358', time: '2018-11-14T08:17:03'
System info: host: 'DESKTOP-1QIO4VG', ip: '192.168.1.111', os.name: 'Windows 10', os.arch: 'amd64', os.version: '10.0', java.version: '1.8.0_251'
Driver info: org.openqa.selenium.chrome.ChromeDriver
Capabilities {acceptInsecureCerts: false, browserName: chrome, browserVersion: 85.0.4183.83, chrome: {chromedriverVersion: 85.0.4183.83 (94abc2237ae0c..., userDataDir: C:\Users\prave\AppData\Loca...}, goog:chromeOptions: {debuggerAddress: localhost:53412}, javascriptEnabled: true, networkConnectionEnabled: false, pageLoadStrategy: none, platform: WINDOWS, platformName: WINDOWS, proxy: Proxy(), setWindowRect: true, strictFileInteractability: false, timeouts: {implicit: 0, pageLoad: 300000, script: 30000}, unhandledPromptBehavior: dismiss and notify, webauthn:virtualAuthenticators: true}
Session ID: 290c73e4f3d7a297dfd4a872585f8f92
*** Element info: {Using=xpath, value=//*[contains(text(),'Sign In with Facebook')]}
	at sun.reflect.NativeConstructorAccessorImpl.newInstance0(Native Method)
	at sun.reflect.NativeConstructorAccessorImpl.newInstance(Unknown Source)
	at sun.reflect.DelegatingConstructorAccessorImpl.newInstance(Unknown Source)
	at java.lang.reflect.Constructor.newInstance(Unknown Source)
	at org.openqa.selenium.remote.http.W3CHttpResponseCodec.createException(W3CHttpResponseCodec.java:187)
	at org.openqa.selenium.remote.http.W3CHttpResponseCodec.decode(W3CHttpResponseCodec.java:122)
	at org.openqa.selenium.remote.http.W3CHttpResponseCodec.decode(W3CHttpResponseCodec.java:49)
	at org.openqa.selenium.remote.HttpCommandExecutor.execute(HttpCommandExecutor.java:158)
	at org.openqa.selenium.remote.service.DriverCommandExecutor.execute(DriverCommandExecutor.java:83)
	at org.openqa.selenium.remote.RemoteWebDriver.execute(RemoteWebDriver.java:552)
	at org.openqa.selenium.remote.RemoteWebDriver.findElement(RemoteWebDriver.java:323)
	at org.openqa.selenium.remote.RemoteWebDriver.findElementByXPath(RemoteWebDriver.java:428)
	at org.openqa.selenium.By$ByXPath.findElement(By.java:353)
	at org.openqa.selenium.remote.RemoteWebDriver.findElement(RemoteWebDriver.java:315)
	at org.openqa.selenium.support.pagefactory.DefaultElementLocator.findElement(DefaultElementLocator.java:69)
	at org.openqa.selenium.support.pagefactory.internal.LocatingElementHandler.invoke(LocatingElementHandler.java:38)
	at com.sun.proxy.$Proxy22.click(Unknown Source)
	at PagePanel.LoginPagePanel.clickOnSignInWithFacebookBtn(LoginPagePanel.java:32)
	at StepDefinition.LoginStep.SignIn_to_Journey_Binder_with_Facebook_and(LoginStep.java:31)
	at ?.Given SignIn to Journey Binder with Facebook "demo@journeybinder.com" and "amazon"(Login.feature:26)
</pre></div>
					</li>
					<li test-id='11' class='node when skip' status='skip'><b>When</b>
						<span class="bdd-step-name">When User navigate to Dashboard</span>
							<div class='pre'>skipped</div>
					</li>
					<li test-id='12' class='node then skip' status='skip'><b>Then</b>
						<span class="bdd-step-name">Then Click on user avatar button</span>
							<div class='pre'>skipped</div>
					</li>
					<li test-id='13' class='node then skip' status='skip'><b>Then</b>
						<span class="bdd-step-name">Then Click on SignOut</span>
							<div class='pre'>skipped</div>
					</li>
				</ul>
		</li>
	</ul>
</div>
<div class='scenariooutline node' test-id='14' status='pass'>
	<span class='duration right label'>0h 0m 23s+268ms</span>
	<div class='desc'>
		<b>ScenarioOutline</b>
		<span class="desc-text">Verify Login with registered email id and password.</span>
	</div>
	<ul class='steps'>
		<li test-id='15' class='node scenario pass' status='pass'>
			<div class='category-list'>
				<span class='category label white-text'>@Login</span>
			</div>
			
			<b>Scenario</b>
			
			<span class="bdd-step-name">Verify Login with registered email id and password.</span>
			
				<ul class='steps'>
					<li test-id='16' class='node given pass' status='pass'><b>Given</b>
						<span class="bdd-step-name">Given SignIn to Journey Binder with "frhbrrihzzhrgonugo@ttirv.net" and "Password!1"</span>
							<div class='pre'>passed</div>
					</li>
					<li test-id='17' class='node when pass' status='pass'><b>When</b>
						<span class="bdd-step-name">When User select Get Started button</span>
							<div class='pre'>passed</div>
					</li>
					<li test-id='18' class='node then pass' status='pass'><b>Then</b>
						<span class="bdd-step-name">Then validate floating message "You have successfully signed in to my.journeybinder.com!"</span>
							<div class='pre'>passed</div>
					</li>
					<li test-id='19' class='node then pass' status='pass'><b>Then</b>
						<span class="bdd-step-name">Then User navigated to Dashboard screen</span>
							<div class='pre'>passed</div>
					</li>
					<li test-id='20' class='node then pass' status='pass'><b>Then</b>
						<span class="bdd-step-name">Then Click on user avatar button</span>
							<div class='pre'>passed</div>
					</li>
					<li test-id='21' class='node then pass' status='pass'><b>Then</b>
						<span class="bdd-step-name">Then Click on SignOut</span>
							<div class='pre'>passed</div>
					</li>
				</ul>
		</li>
	</ul>
</div>
<div class='scenariooutline node' test-id='22' status='pass'>
	<span class='duration right label'>0h 1m 34s+313ms</span>
	<div class='desc'>
		<b>ScenarioOutline</b>
		<span class="desc-text">Verify Login invalid email id and password cases.</span>
	</div>
	<ul class='steps'>
		<li test-id='23' class='node scenario pass' status='pass'>
			<div class='category-list'>
				<span class='category label white-text'>@Login</span>
			</div>
			
			<b>Scenario</b>
			
			<span class="bdd-step-name">Verify Login invalid email id and password cases.</span>
			
				<ul class='steps'>
					<li test-id='24' class='node given pass' status='pass'><b>Given</b>
						<span class="bdd-step-name">Given SignIn to Journey Binder with "" and ""</span>
							<div class='pre'>passed</div>
					</li>
					<li test-id='25' class='node when pass' status='pass'><b>When</b>
						<span class="bdd-step-name">When User select Get Started button</span>
							<div class='pre'>passed</div>
					</li>
					<li test-id='26' class='node then pass' status='pass'><b>Then</b>
						<span class="bdd-step-name">Then validate floating message "The email address is badly formatted."</span>
							<div class='pre'>passed</div>
					</li>
				</ul>
		</li>
		<li test-id='27' class='node scenario pass' status='pass'>
			<div class='category-list'>
				<span class='category label white-text'>@Login</span>
			</div>
			
			<b>Scenario</b>
			
			<span class="bdd-step-name">Verify Login invalid email id and password cases.</span>
			
				<ul class='steps'>
					<li test-id='28' class='node given pass' status='pass'><b>Given</b>
						<span class="bdd-step-name">Given SignIn to Journey Binder with "abc@abc.com" and ""</span>
							<div class='pre'>passed</div>
					</li>
					<li test-id='29' class='node when pass' status='pass'><b>When</b>
						<span class="bdd-step-name">When User select Get Started button</span>
							<div class='pre'>passed</div>
					</li>
					<li test-id='30' class='node then pass' status='pass'><b>Then</b>
						<span class="bdd-step-name">Then validate floating message "The password is invalid or the user does not have a password."</span>
							<div class='pre'>passed</div>
					</li>
				</ul>
		</li>
		<li test-id='31' class='node scenario pass' status='pass'>
			<div class='category-list'>
				<span class='category label white-text'>@Login</span>
			</div>
			
			<b>Scenario</b>
			
			<span class="bdd-step-name">Verify Login invalid email id and password cases.</span>
			
				<ul class='steps'>
					<li test-id='32' class='node given pass' status='pass'><b>Given</b>
						<span class="bdd-step-name">Given SignIn to Journey Binder with "" and "test@123"</span>
							<div class='pre'>passed</div>
					</li>
					<li test-id='33' class='node when pass' status='pass'><b>When</b>
						<span class="bdd-step-name">When User select Get Started button</span>
							<div class='pre'>passed</div>
					</li>
					<li test-id='34' class='node then pass' status='pass'><b>Then</b>
						<span class="bdd-step-name">Then validate floating message "The email address is badly formatted."</span>
							<div class='pre'>passed</div>
					</li>
				</ul>
		</li>
		<li test-id='35' class='node scenario pass' status='pass'>
			<div class='category-list'>
				<span class='category label white-text'>@Login</span>
			</div>
			
			<b>Scenario</b>
			
			<span class="bdd-step-name">Verify Login invalid email id and password cases.</span>
			
				<ul class='steps'>
					<li test-id='36' class='node given pass' status='pass'><b>Given</b>
						<span class="bdd-step-name">Given SignIn to Journey Binder with "abc@ab.com" and "test@123"</span>
							<div class='pre'>passed</div>
					</li>
					<li test-id='37' class='node when pass' status='pass'><b>When</b>
						<span class="bdd-step-name">When User select Get Started button</span>
							<div class='pre'>passed</div>
					</li>
					<li test-id='38' class='node then pass' status='pass'><b>Then</b>
						<span class="bdd-step-name">Then validate floating message "There is no user record corresponding to this identifier. The user may have been deleted."</span>
							<div class='pre'>passed</div>
					</li>
				</ul>
		</li>
	</ul>
</div>
<div class='scenario node' test-id='39' status='fail'>
	<div class='category-list'>
		<span class='category label white-text'>@Login</span>
	</div>
	<span class='duration right label'>0h 0m 12s+146ms</span>
	<div class='desc'>
		<b>Scenario</b>
		<span class="desc-text">Verify SignUp Link on Sign in page</span>
	</div>
	<ul class='steps'>
		<li test-id='40' class='node given pass' status='pass'>
			
			<b>Given</b>
			
			<span class="bdd-step-name">Given User is on SignIn Page</span>
				<div class='pre'>passed</div>
			
		</li>
		<li test-id='41' class='node when fail' status='fail'>
			
			<b>When</b>
			
			<span class="bdd-step-name">When User clicks on SignUp Link</span>
				<div class='pre'><pre>org.openqa.selenium.NoSuchSessionException: Session ID is null. Using WebDriver after calling quit()?
Build info: version: '3.141.59', revision: 'e82be7d358', time: '2018-11-14T08:17:03'
System info: host: 'DESKTOP-1QIO4VG', ip: '192.168.1.111', os.name: 'Windows 10', os.arch: 'amd64', os.version: '10.0', java.version: '1.8.0_251'
Driver info: driver.version: RemoteWebDriver
	at org.openqa.selenium.remote.HttpCommandExecutor.execute(HttpCommandExecutor.java:125)
	at org.openqa.selenium.remote.service.DriverCommandExecutor.execute(DriverCommandExecutor.java:83)
	at org.openqa.selenium.remote.RemoteWebDriver.execute(RemoteWebDriver.java:552)
	at org.openqa.selenium.remote.RemoteWebDriver.executeScript(RemoteWebDriver.java:489)
	at Resource.UtilityClass.scrollToElement(UtilityClass.java:135)
	at PagePanel.LoginPagePanel.validateSignUpLink(LoginPagePanel.java:132)
	at StepDefinition.LoginStep.user_clicks_on_SignUp_Link(LoginStep.java:92)
	at ?.When User clicks on SignUp Link(Login.feature:65)
</pre></div>
			
		</li>
		<li test-id='42' class='node then skip' status='skip'>
			
			<b>Then</b>
			
			<span class="bdd-step-name">Then User navigate to SignUp page</span>
				<div class='pre'>skipped</div>
			
		</li>
	</ul>
</div>
					</div>
				</li>
				
				
				<li class='test displayed active has-leaf pass' status='pass' bdd='true' test-id='43'>
					<div class='test-heading'>
						<span class='test-name'>Test Journey Binder Notification to user functionality</span>
						<span class='test-time'>Aug 30, 2020 09:59:06 PM</span>
						<span class='test-status right pass'>pass</span>
					</div>
					<div class='test-content hide'>
<div class='scenariooutline node' test-id='44' status='pass'>
	<span class='duration right label'>0h 0m 27s+360ms</span>
	<div class='desc'>
		<b>ScenarioOutline</b>
		<span class="desc-text">Verify Email Notification.</span>
	</div>
	<ul class='steps'>
		<li test-id='45' class='node scenario pass' status='pass'>
			<div class='category-list'>
				<span class='category label white-text'>@Notification</span>
			</div>
			
			<b>Scenario</b>
			
			<span class="bdd-step-name">Verify Email Notification.</span>
			
				<ul class='steps'>
					<li test-id='46' class='node given pass' status='pass'><b>Given</b>
						<span class="bdd-step-name">Given SignIn to Journey Binder with "frhbrrihzzhrgonugo@ttirv.net" and "Password!1"</span>
							<div class='pre'>passed</div>
					</li>
					<li test-id='47' class='node when pass' status='pass'><b>When</b>
						<span class="bdd-step-name">When User select Get Started button</span>
							<div class='pre'>passed</div>
					</li>
					<li test-id='48' class='node then pass' status='pass'><b>Then</b>
						<span class="bdd-step-name">Then validate floating message "You have successfully signed in to my.journeybinder.com!"</span>
							<div class='pre'>passed</div>
					</li>
					<li test-id='49' class='node then pass' status='pass'><b>Then</b>
						<span class="bdd-step-name">Then User navigated to Dashboard screen</span>
							<div class='pre'>passed</div>
					</li>
					<li test-id='50' class='node then pass' status='pass'><b>Then</b>
						<span class="bdd-step-name">Then User select menu admin management</span>
							<div class='pre'>passed</div>
					</li>
					<li test-id='51' class='node then pass' status='pass'><b>Then</b>
						<span class="bdd-step-name">Then User hide the main menu</span>
							<div class='pre'>passed</div>
					</li>
					<li test-id='52' class='node then pass' status='pass'><b>Then</b>
						<span class="bdd-step-name">Then User select Users Tab</span>
							<div class='pre'>passed</div>
					</li>
					<li test-id='53' class='node then pass' status='pass'><b>Then</b>
						<span class="bdd-step-name">Then User select guide notification button "Savalas Colbert"</span>
							<div class='pre'>passed</div>
					</li>
					<li test-id='54' class='node then pass' status='pass'><b>Then</b>
						<span class="bdd-step-name">Then User select type of notification as Email</span>
							<div class='pre'>passed</div>
					</li>
					<li test-id='55' class='node then pass' status='pass'><b>Then</b>
						<span class="bdd-step-name">Then User enter subject "TestSub"</span>
							<div class='pre'>passed</div>
					</li>
					<li test-id='56' class='node then pass' status='pass'><b>Then</b>
						<span class="bdd-step-name">Then User enter custom body "TestBody"</span>
							<div class='pre'>passed</div>
					</li>
					<li test-id='57' class='node then pass' status='pass'><b>Then</b>
						<span class="bdd-step-name">Then User click on Send button</span>
							<div class='pre'>passed</div>
					</li>
				</ul>
		</li>
	</ul>
</div>
<div class='scenariooutline node' test-id='58' status='pass'>
	<span class='duration right label'>0h 0m 29s+900ms</span>
	<div class='desc'>
		<b>ScenarioOutline</b>
		<span class="desc-text">Verify Push Notification.</span>
	</div>
	<ul class='steps'>
		<li test-id='59' class='node scenario pass' status='pass'>
			<div class='category-list'>
				<span class='category label white-text'>@Notification</span>
			</div>
			
			<b>Scenario</b>
			
			<span class="bdd-step-name">Verify Push Notification.</span>
			
				<ul class='steps'>
					<li test-id='60' class='node given pass' status='pass'><b>Given</b>
						<span class="bdd-step-name">Given SignIn to Journey Binder with "frhbrrihzzhrgonugo@ttirv.net" and "Password!1"</span>
							<div class='pre'>passed</div>
					</li>
					<li test-id='61' class='node when pass' status='pass'><b>When</b>
						<span class="bdd-step-name">When User select Get Started button</span>
							<div class='pre'>passed</div>
					</li>
					<li test-id='62' class='node then pass' status='pass'><b>Then</b>
						<span class="bdd-step-name">Then validate floating message "You have successfully signed in to my.journeybinder.com!"</span>
							<div class='pre'>passed</div>
					</li>
					<li test-id='63' class='node then pass' status='pass'><b>Then</b>
						<span class="bdd-step-name">Then User navigated to Dashboard screen</span>
							<div class='pre'>passed</div>
					</li>
					<li test-id='64' class='node then pass' status='pass'><b>Then</b>
						<span class="bdd-step-name">Then User select menu admin management</span>
							<div class='pre'>passed</div>
					</li>
					<li test-id='65' class='node then pass' status='pass'><b>Then</b>
						<span class="bdd-step-name">Then User hide the main menu</span>
							<div class='pre'>passed</div>
					</li>
					<li test-id='66' class='node then pass' status='pass'><b>Then</b>
						<span class="bdd-step-name">Then User select Users Tab</span>
							<div class='pre'>passed</div>
					</li>
					<li test-id='67' class='node then pass' status='pass'><b>Then</b>
						<span class="bdd-step-name">Then User select guide notification button "Savalas Colbert"</span>
							<div class='pre'>passed</div>
					</li>
					<li test-id='68' class='node then pass' status='pass'><b>Then</b>
						<span class="bdd-step-name">Then User select type of notification as Push</span>
							<div class='pre'>passed</div>
					</li>
					<li test-id='69' class='node then pass' status='pass'><b>Then</b>
						<span class="bdd-step-name">Then User enter subject "TestSub"</span>
							<div class='pre'>passed</div>
					</li>
					<li test-id='70' class='node then pass' status='pass'><b>Then</b>
						<span class="bdd-step-name">Then User enter custom body "TestBody"</span>
							<div class='pre'>passed</div>
					</li>
					<li test-id='71' class='node then pass' status='pass'><b>Then</b>
						<span class="bdd-step-name">Then User click on Send button</span>
							<div class='pre'>passed</div>
					</li>
				</ul>
		</li>
	</ul>
</div>
<div class='scenariooutline node' test-id='72' status='pass'>
	<span class='duration right label'>0h 0m 35s+330ms</span>
	<div class='desc'>
		<b>ScenarioOutline</b>
		<span class="desc-text">Verify SMS Notification.</span>
	</div>
	<ul class='steps'>
		<li test-id='73' class='node scenario pass' status='pass'>
			<div class='category-list'>
				<span class='category label white-text'>@Notification</span>
			</div>
			
			<b>Scenario</b>
			
			<span class="bdd-step-name">Verify SMS Notification.</span>
			
				<ul class='steps'>
					<li test-id='74' class='node given pass' status='pass'><b>Given</b>
						<span class="bdd-step-name">Given SignIn to Journey Binder with "frhbrrihzzhrgonugo@ttirv.net" and "Password!1"</span>
							<div class='pre'>passed</div>
					</li>
					<li test-id='75' class='node when pass' status='pass'><b>When</b>
						<span class="bdd-step-name">When User select Get Started button</span>
							<div class='pre'>passed</div>
					</li>
					<li test-id='76' class='node then pass' status='pass'><b>Then</b>
						<span class="bdd-step-name">Then validate floating message "You have successfully signed in to my.journeybinder.com!"</span>
							<div class='pre'>passed</div>
					</li>
					<li test-id='77' class='node then pass' status='pass'><b>Then</b>
						<span class="bdd-step-name">Then User navigated to Dashboard screen</span>
							<div class='pre'>passed</div>
					</li>
					<li test-id='78' class='node then pass' status='pass'><b>Then</b>
						<span class="bdd-step-name">Then User select menu admin management</span>
							<div class='pre'>passed</div>
					</li>
					<li test-id='79' class='node then pass' status='pass'><b>Then</b>
						<span class="bdd-step-name">Then User hide the main menu</span>
							<div class='pre'>passed</div>
					</li>
					<li test-id='80' class='node then pass' status='pass'><b>Then</b>
						<span class="bdd-step-name">Then User select Users Tab</span>
							<div class='pre'>passed</div>
					</li>
					<li test-id='81' class='node then pass' status='pass'><b>Then</b>
						<span class="bdd-step-name">Then User select guide notification button "Savalas Colbert"</span>
							<div class='pre'>passed</div>
					</li>
					<li test-id='82' class='node then pass' status='pass'><b>Then</b>
						<span class="bdd-step-name">Then User select type of notification as SMS</span>
							<div class='pre'>passed</div>
					</li>
					<li test-id='83' class='node then pass' status='pass'><b>Then</b>
						<span class="bdd-step-name">Then User enter custom body "TestBody"</span>
							<div class='pre'>passed</div>
					</li>
					<li test-id='84' class='node then pass' status='pass'><b>Then</b>
						<span class="bdd-step-name">Then User click on Send button</span>
							<div class='pre'>passed</div>
					</li>
				</ul>
		</li>
	</ul>
</div>
					</div>
				</li>
				
				
				<li class='test displayed active has-leaf fail' status='fail' bdd='true' test-id='85'>
					<div class='test-heading'>
						<span class='test-name'>Test Journey Binder Sign Up Functionality</span>
						<span class='test-time'>Aug 30, 2020 10:01:00 PM</span>
						<span class='test-status right fail'>fail</span>
					</div>
					<div class='test-content hide'>
<div class='scenariooutline node' test-id='86' status='fail'>
	<span class='duration right label'>0h 0m 5s+716ms</span>
	<div class='desc'>
		<b>ScenarioOutline</b>
		<span class="desc-text">Verify Sign Up with google account.</span>
	</div>
	<ul class='steps'>
		<li test-id='87' class='node scenario fail' status='fail'>
			<div class='category-list'>
				<span class='category label white-text'>@SignUp</span>
			</div>
			
			<b>Scenario</b>
			
			<span class="bdd-step-name">Verify Sign Up with google account.</span>
			
				<ul class='steps'>
					<li test-id='88' class='node given fail' status='fail'><b>Given</b>
						<span class="bdd-step-name">Given SignUp to Journey Binder with Google "praveenjaiswalqa@gmail.com" and "amazon"</span>
							<div class='pre'><pre>org.openqa.selenium.NoSuchSessionException: Session ID is null. Using WebDriver after calling quit()?
Build info: version: '3.141.59', revision: 'e82be7d358', time: '2018-11-14T08:17:03'
System info: host: 'DESKTOP-1QIO4VG', ip: '192.168.1.111', os.name: 'Windows 10', os.arch: 'amd64', os.version: '10.0', java.version: '1.8.0_251'
Driver info: driver.version: RemoteWebDriver
	at org.openqa.selenium.remote.HttpCommandExecutor.execute(HttpCommandExecutor.java:125)
	at org.openqa.selenium.remote.service.DriverCommandExecutor.execute(DriverCommandExecutor.java:83)
	at org.openqa.selenium.remote.RemoteWebDriver.execute(RemoteWebDriver.java:552)
	at org.openqa.selenium.remote.RemoteWebDriver.executeScript(RemoteWebDriver.java:489)
	at Resource.UtilityClass.scrollToElement(UtilityClass.java:135)
	at PagePanel.LoginPagePanel.validateSignUpLink(LoginPagePanel.java:132)
	at StepDefinition.SignUpStep.signup_to_Journey_Binder_with_Google_and(SignUpStep.java:22)
	at ?.Given SignUp to Journey Binder with Google "praveenjaiswalqa@gmail.com" and "amazon"(SignUp.feature:15)
</pre></div>
					</li>
					<li test-id='89' class='node when skip' status='skip'><b>When</b>
						<span class="bdd-step-name">When User navigate to Dashboard</span>
							<div class='pre'>skipped</div>
					</li>
					<li test-id='90' class='node then skip' status='skip'><b>Then</b>
						<span class="bdd-step-name">Then Click on user avatar button</span>
							<div class='pre'>skipped</div>
					</li>
					<li test-id='91' class='node then skip' status='skip'><b>Then</b>
						<span class="bdd-step-name">Then Click on SignOut</span>
							<div class='pre'>skipped</div>
					</li>
				</ul>
		</li>
	</ul>
</div>
<div class='scenariooutline node' test-id='92' status='fail'>
	<span class='duration right label'>0h 0m 5s+682ms</span>
	<div class='desc'>
		<b>ScenarioOutline</b>
		<span class="desc-text">Verify Sign Up with Facebook account.</span>
	</div>
	<ul class='steps'>
		<li test-id='93' class='node scenario fail' status='fail'>
			<div class='category-list'>
				<span class='category label white-text'>@SignUp</span>
			</div>
			
			<b>Scenario</b>
			
			<span class="bdd-step-name">Verify Sign Up with Facebook account.</span>
			
				<ul class='steps'>
					<li test-id='94' class='node given fail' status='fail'><b>Given</b>
						<span class="bdd-step-name">Given SignUp to Journey Binder with Facebook "praveenjaiswalqa@gmail.com" and "amazon"</span>
							<div class='pre'><pre>org.openqa.selenium.NoSuchSessionException: Session ID is null. Using WebDriver after calling quit()?
Build info: version: '3.141.59', revision: 'e82be7d358', time: '2018-11-14T08:17:03'
System info: host: 'DESKTOP-1QIO4VG', ip: '192.168.1.111', os.name: 'Windows 10', os.arch: 'amd64', os.version: '10.0', java.version: '1.8.0_251'
Driver info: driver.version: RemoteWebDriver
	at org.openqa.selenium.remote.HttpCommandExecutor.execute(HttpCommandExecutor.java:125)
	at org.openqa.selenium.remote.service.DriverCommandExecutor.execute(DriverCommandExecutor.java:83)
	at org.openqa.selenium.remote.RemoteWebDriver.execute(RemoteWebDriver.java:552)
	at org.openqa.selenium.remote.RemoteWebDriver.executeScript(RemoteWebDriver.java:489)
	at Resource.UtilityClass.scrollToElement(UtilityClass.java:135)
	at PagePanel.LoginPagePanel.validateSignUpLink(LoginPagePanel.java:132)
	at StepDefinition.SignUpStep.signup_to_Journey_Binder_with_Facebook_and(SignUpStep.java:30)
	at ?.Given SignUp to Journey Binder with Facebook "praveenjaiswalqa@gmail.com" and "amazon"(SignUp.feature:27)
</pre></div>
					</li>
					<li test-id='95' class='node when skip' status='skip'><b>When</b>
						<span class="bdd-step-name">When User navigate to Dashboard</span>
							<div class='pre'>skipped</div>
					</li>
					<li test-id='96' class='node then skip' status='skip'><b>Then</b>
						<span class="bdd-step-name">Then Click on user avatar button</span>
							<div class='pre'>skipped</div>
					</li>
					<li test-id='97' class='node then skip' status='skip'><b>Then</b>
						<span class="bdd-step-name">Then Click on SignOut</span>
							<div class='pre'>skipped</div>
					</li>
				</ul>
		</li>
	</ul>
</div>
<div class='scenariooutline node' test-id='98' status='fail'>
	<span class='duration right label'>0h 0m 39s+517ms</span>
	<div class='desc'>
		<b>ScenarioOutline</b>
		<span class="desc-text">Verify Sign Up with email id and password.</span>
	</div>
	<ul class='steps'>
		<li test-id='99' class='node scenario fail' status='fail'>
			<div class='category-list'>
				<span class='category label white-text'>@SignUp</span>
			</div>
			
			<b>Scenario</b>
			
			<span class="bdd-step-name">Verify Sign Up with email id and password.</span>
			
				<ul class='steps'>
					<li test-id='100' class='node given fail' status='fail'><b>Given</b>
						<span class="bdd-step-name">Given SignUp to Journey Binder with "journey" and "amazon"</span>
							<div class='pre'><pre>org.openqa.selenium.NoSuchSessionException: Session ID is null. Using WebDriver after calling quit()?
Build info: version: '3.141.59', revision: 'e82be7d358', time: '2018-11-14T08:17:03'
System info: host: 'DESKTOP-1QIO4VG', ip: '192.168.1.111', os.name: 'Windows 10', os.arch: 'amd64', os.version: '10.0', java.version: '1.8.0_251'
Driver info: driver.version: RemoteWebDriver
	at org.openqa.selenium.remote.HttpCommandExecutor.execute(HttpCommandExecutor.java:125)
	at org.openqa.selenium.remote.service.DriverCommandExecutor.execute(DriverCommandExecutor.java:83)
	at org.openqa.selenium.remote.RemoteWebDriver.execute(RemoteWebDriver.java:552)
	at org.openqa.selenium.remote.RemoteWebDriver.executeScript(RemoteWebDriver.java:489)
	at Resource.UtilityClass.scrollToElement(UtilityClass.java:135)
	at PagePanel.LoginPagePanel.validateSignUpLink(LoginPagePanel.java:132)
	at StepDefinition.SignUpStep.signup_to_Journey_Binder_with_and(SignUpStep.java:44)
	at ?.Given SignUp to Journey Binder with "journey" and "amazon"(SignUp.feature:38)
</pre></div>
					</li>
					<li test-id='101' class='node when skip' status='skip'><b>When</b>
						<span class="bdd-step-name">When User verify message "You have successfully signed up to my.journeybinder.com"</span>
							<div class='pre'>skipped</div>
					</li>
					<li test-id='102' class='node then skip' status='skip'><b>Then</b>
						<span class="bdd-step-name">Then User navigate to Dashboard</span>
							<div class='pre'>skipped</div>
					</li>
					<li test-id='103' class='node then skip' status='skip'><b>Then</b>
						<span class="bdd-step-name">Then Click on user avatar button</span>
							<div class='pre'>skipped</div>
					</li>
					<li test-id='104' class='node then skip' status='skip'><b>Then</b>
						<span class="bdd-step-name">Then Click on SignOut</span>
							<div class='pre'>skipped</div>
					</li>
				</ul>
		</li>
		<li test-id='105' class='node scenario fail' status='fail'>
			<div class='category-list'>
				<span class='category label white-text'>@SignUp</span>
			</div>
			
			<b>Scenario</b>
			
			<span class="bdd-step-name">Verify Sign Up with email id and password.</span>
			
				<ul class='steps'>
					<li test-id='106' class='node given fail' status='fail'><b>Given</b>
						<span class="bdd-step-name">Given SignUp to Journey Binder with "" and "anasod"</span>
							<div class='pre'><pre>org.openqa.selenium.NoSuchSessionException: Session ID is null. Using WebDriver after calling quit()?
Build info: version: '3.141.59', revision: 'e82be7d358', time: '2018-11-14T08:17:03'
System info: host: 'DESKTOP-1QIO4VG', ip: '192.168.1.111', os.name: 'Windows 10', os.arch: 'amd64', os.version: '10.0', java.version: '1.8.0_251'
Driver info: driver.version: RemoteWebDriver
	at org.openqa.selenium.remote.HttpCommandExecutor.execute(HttpCommandExecutor.java:125)
	at org.openqa.selenium.remote.service.DriverCommandExecutor.execute(DriverCommandExecutor.java:83)
	at org.openqa.selenium.remote.RemoteWebDriver.execute(RemoteWebDriver.java:552)
	at org.openqa.selenium.remote.RemoteWebDriver.executeScript(RemoteWebDriver.java:489)
	at Resource.UtilityClass.scrollToElement(UtilityClass.java:135)
	at PagePanel.LoginPagePanel.validateSignUpLink(LoginPagePanel.java:132)
	at StepDefinition.SignUpStep.signup_to_Journey_Binder_with_and(SignUpStep.java:44)
	at ?.Given SignUp to Journey Binder with "" and "anasod"(SignUp.feature:38)
</pre></div>
					</li>
					<li test-id='107' class='node when skip' status='skip'><b>When</b>
						<span class="bdd-step-name">When User verify message "You have successfully signed up to my.journeybinder.com"</span>
							<div class='pre'>skipped</div>
					</li>
					<li test-id='108' class='node then skip' status='skip'><b>Then</b>
						<span class="bdd-step-name">Then User navigate to Dashboard</span>
							<div class='pre'>skipped</div>
					</li>
					<li test-id='109' class='node then skip' status='skip'><b>Then</b>
						<span class="bdd-step-name">Then Click on user avatar button</span>
							<div class='pre'>skipped</div>
					</li>
					<li test-id='110' class='node then skip' status='skip'><b>Then</b>
						<span class="bdd-step-name">Then Click on SignOut</span>
							<div class='pre'>skipped</div>
					</li>
				</ul>
		</li>
		<li test-id='111' class='node scenario fail' status='fail'>
			<div class='category-list'>
				<span class='category label white-text'>@SignUp</span>
			</div>
			
			<b>Scenario</b>
			
			<span class="bdd-step-name">Verify Sign Up with email id and password.</span>
			
				<ul class='steps'>
					<li test-id='112' class='node given fail' status='fail'><b>Given</b>
						<span class="bdd-step-name">Given SignUp to Journey Binder with "acsws" and "dfksfk"</span>
							<div class='pre'><pre>org.openqa.selenium.NoSuchSessionException: Session ID is null. Using WebDriver after calling quit()?
Build info: version: '3.141.59', revision: 'e82be7d358', time: '2018-11-14T08:17:03'
System info: host: 'DESKTOP-1QIO4VG', ip: '192.168.1.111', os.name: 'Windows 10', os.arch: 'amd64', os.version: '10.0', java.version: '1.8.0_251'
Driver info: driver.version: RemoteWebDriver
	at org.openqa.selenium.remote.HttpCommandExecutor.execute(HttpCommandExecutor.java:125)
	at org.openqa.selenium.remote.service.DriverCommandExecutor.execute(DriverCommandExecutor.java:83)
	at org.openqa.selenium.remote.RemoteWebDriver.execute(RemoteWebDriver.java:552)
	at org.openqa.selenium.remote.RemoteWebDriver.executeScript(RemoteWebDriver.java:489)
	at Resource.UtilityClass.scrollToElement(UtilityClass.java:135)
	at PagePanel.LoginPagePanel.validateSignUpLink(LoginPagePanel.java:132)
	at StepDefinition.SignUpStep.signup_to_Journey_Binder_with_and(SignUpStep.java:44)
	at ?.Given SignUp to Journey Binder with "acsws" and "dfksfk"(SignUp.feature:38)
</pre></div>
					</li>
					<li test-id='113' class='node when skip' status='skip'><b>When</b>
						<span class="bdd-step-name">When User verify message "You have successfully signed up to my.journeybinder.com"</span>
							<div class='pre'>skipped</div>
					</li>
					<li test-id='114' class='node then skip' status='skip'><b>Then</b>
						<span class="bdd-step-name">Then User navigate to Dashboard</span>
							<div class='pre'>skipped</div>
					</li>
					<li test-id='115' class='node then skip' status='skip'><b>Then</b>
						<span class="bdd-step-name">Then Click on user avatar button</span>
							<div class='pre'>skipped</div>
					</li>
					<li test-id='116' class='node then skip' status='skip'><b>Then</b>
						<span class="bdd-step-name">Then Click on SignOut</span>
							<div class='pre'>skipped</div>
					</li>
				</ul>
		</li>
		<li test-id='117' class='node scenario fail' status='fail'>
			<div class='category-list'>
				<span class='category label white-text'>@SignUp</span>
			</div>
			
			<b>Scenario</b>
			
			<span class="bdd-step-name">Verify Sign Up with email id and password.</span>
			
				<ul class='steps'>
					<li test-id='118' class='node given fail' status='fail'><b>Given</b>
						<span class="bdd-step-name">Given SignUp to Journey Binder with "@#$%^%" and "WEE@#cvx"</span>
							<div class='pre'><pre>org.openqa.selenium.NoSuchSessionException: Session ID is null. Using WebDriver after calling quit()?
Build info: version: '3.141.59', revision: 'e82be7d358', time: '2018-11-14T08:17:03'
System info: host: 'DESKTOP-1QIO4VG', ip: '192.168.1.111', os.name: 'Windows 10', os.arch: 'amd64', os.version: '10.0', java.version: '1.8.0_251'
Driver info: driver.version: RemoteWebDriver
	at org.openqa.selenium.remote.HttpCommandExecutor.execute(HttpCommandExecutor.java:125)
	at org.openqa.selenium.remote.service.DriverCommandExecutor.execute(DriverCommandExecutor.java:83)
	at org.openqa.selenium.remote.RemoteWebDriver.execute(RemoteWebDriver.java:552)
	at org.openqa.selenium.remote.RemoteWebDriver.executeScript(RemoteWebDriver.java:489)
	at Resource.UtilityClass.scrollToElement(UtilityClass.java:135)
	at PagePanel.LoginPagePanel.validateSignUpLink(LoginPagePanel.java:132)
	at StepDefinition.SignUpStep.signup_to_Journey_Binder_with_and(SignUpStep.java:44)
	at ?.Given SignUp to Journey Binder with "@#$%^%" and "WEE@#cvx"(SignUp.feature:38)
</pre></div>
					</li>
					<li test-id='119' class='node when skip' status='skip'><b>When</b>
						<span class="bdd-step-name">When User verify message "You have successfully signed up to my.journeybinder.com"</span>
							<div class='pre'>skipped</div>
					</li>
					<li test-id='120' class='node then skip' status='skip'><b>Then</b>
						<span class="bdd-step-name">Then User navigate to Dashboard</span>
							<div class='pre'>skipped</div>
					</li>
					<li test-id='121' class='node then skip' status='skip'><b>Then</b>
						<span class="bdd-step-name">Then Click on user avatar button</span>
							<div class='pre'>skipped</div>
					</li>
					<li test-id='122' class='node then skip' status='skip'><b>Then</b>
						<span class="bdd-step-name">Then Click on SignOut</span>
							<div class='pre'>skipped</div>
					</li>
				</ul>
		</li>
	</ul>
</div>
<div class='scenariooutline node' test-id='123' status='fail'>
	<span class='duration right label'>0h 0m 5s+644ms</span>
	<div class='desc'>
		<b>ScenarioOutline</b>
		<span class="desc-text">Verify Sign Up with invalid case.</span>
	</div>
	<ul class='steps'>
		<li test-id='124' class='node scenario fail' status='fail'>
			<div class='category-list'>
				<span class='category label white-text'>@SignUp</span>
			</div>
			
			<b>Scenario</b>
			
			<span class="bdd-step-name">Verify Sign Up with invalid case.</span>
			
				<ul class='steps'>
					<li test-id='125' class='node given fail' status='fail'><b>Given</b>
						<span class="bdd-step-name">Given Verify SignUp to Journey Binder with "" and ""</span>
							<div class='pre'><pre>org.openqa.selenium.NoSuchSessionException: Session ID is null. Using WebDriver after calling quit()?
Build info: version: '3.141.59', revision: 'e82be7d358', time: '2018-11-14T08:17:03'
System info: host: 'DESKTOP-1QIO4VG', ip: '192.168.1.111', os.name: 'Windows 10', os.arch: 'amd64', os.version: '10.0', java.version: '1.8.0_251'
Driver info: driver.version: RemoteWebDriver
	at org.openqa.selenium.remote.HttpCommandExecutor.execute(HttpCommandExecutor.java:125)
	at org.openqa.selenium.remote.service.DriverCommandExecutor.execute(DriverCommandExecutor.java:83)
	at org.openqa.selenium.remote.RemoteWebDriver.execute(RemoteWebDriver.java:552)
	at org.openqa.selenium.remote.RemoteWebDriver.executeScript(RemoteWebDriver.java:489)
	at Resource.UtilityClass.scrollToElement(UtilityClass.java:135)
	at PagePanel.LoginPagePanel.validateSignUpLink(LoginPagePanel.java:132)
	at StepDefinition.SignUpStep.verify_signup_to_Journey_Binder_with_and(SignUpStep.java:54)
	at ?.Given Verify SignUp to Journey Binder with "" and ""(SignUp.feature:53)
</pre></div>
					</li>
					<li test-id='126' class='node when skip' status='skip'><b>When</b>
						<span class="bdd-step-name">When User verify error message "Password should be eight character long contains at least one uppercase, one lowercase, one number and one special character!"</span>
							<div class='pre'>skipped</div>
					</li>
				</ul>
		</li>
	</ul>
</div>
<div class='scenario node' test-id='127' status='fail'>
	<div class='category-list'>
		<span class='category label white-text'>@SignUp</span>
	</div>
	<span class='duration right label'>0h 0m 11s+125ms</span>
	<div class='desc'>
		<b>Scenario</b>
		<span class="desc-text">Verify SignIn Link on Sign Up page</span>
	</div>
	<ul class='steps'>
		<li test-id='128' class='node given pass' status='pass'>
			
			<b>Given</b>
			
			<span class="bdd-step-name">Given User is on SignIn Page</span>
				<div class='pre'>passed</div>
			
		</li>
		<li test-id='129' class='node when fail' status='fail'>
			
			<b>When</b>
			
			<span class="bdd-step-name">When User clicks on SignUp Link</span>
				<div class='pre'><pre>org.openqa.selenium.NoSuchSessionException: Session ID is null. Using WebDriver after calling quit()?
Build info: version: '3.141.59', revision: 'e82be7d358', time: '2018-11-14T08:17:03'
System info: host: 'DESKTOP-1QIO4VG', ip: '192.168.1.111', os.name: 'Windows 10', os.arch: 'amd64', os.version: '10.0', java.version: '1.8.0_251'
Driver info: driver.version: RemoteWebDriver
	at org.openqa.selenium.remote.HttpCommandExecutor.execute(HttpCommandExecutor.java:125)
	at org.openqa.selenium.remote.service.DriverCommandExecutor.execute(DriverCommandExecutor.java:83)
	at org.openqa.selenium.remote.RemoteWebDriver.execute(RemoteWebDriver.java:552)
	at org.openqa.selenium.remote.RemoteWebDriver.executeScript(RemoteWebDriver.java:489)
	at Resource.UtilityClass.scrollToElement(UtilityClass.java:135)
	at PagePanel.LoginPagePanel.validateSignUpLink(LoginPagePanel.java:132)
	at StepDefinition.LoginStep.user_clicks_on_SignUp_Link(LoginStep.java:92)
	at ?.When User clicks on SignUp Link(SignUp.feature:63)
</pre></div>
			
		</li>
		<li test-id='130' class='node then skip' status='skip'>
			
			<b>Then</b>
			
			<span class="bdd-step-name">Then User navigate to SignUp page</span>
				<div class='pre'>skipped</div>
			
		</li>
		<li test-id='131' class='node then skip' status='skip'>
			
			<b>Then</b>
			
			<span class="bdd-step-name">Then User verify SignIn Link on SignUp Page</span>
				<div class='pre'>skipped</div>
			
		</li>
	</ul>
</div>
					</div>
				</li>
			</ul>
		</div>
	</div>
	<!-- subview left -->

	<div class='subview-right left'>
		<div class='view-summary'>
			<h5 class='test-name'></h5>

			<div id='step-filters' class="right">
				<span class="blue-text" status="info" alt="info" title="info"><i class="material-icons">info_outline</i></span>
				<span class="green-text" status="pass" alt="pass" title="pass"><i class="material-icons">check_circle</i></span>
				<span class="red-text" status="fail" alt="fail" title="fail"><i class="material-icons">cancel</i></span>
				<span class="red-text text-darken-4" status="fatal" alt="fatal" title="fatal"><i class="material-icons">cancel</i></span>
				<span class="pink-text text-lighten-1" status="error" alt="error" title="error"><i class="material-icons">error</i></span>
				<span class="orange-text" alt="warning" status="warning" title="warning"><i class="material-icons">warning</i></span>
				<span class="teal-text" status="skip" alt="skip" title="skip"><i class="material-icons">redo</i></span>
				<span status="clear" alt="Clear filters" title="Clear filters"><i class="material-icons">clear</i></span>
			</div>
		</div>
	</div>
	<!-- subview right -->

</div>
<!-- test view -->
<div id='category-view' class='view hide'>

	<section id='controls'>
		<div class='controls grey lighten-4'>
			<!-- search -->
			<div class='chip transparent' alt='Search Tests' title='Search Tests'>
				<a href="#" class='search-div'>
					<i class='material-icons'>search</i> Search
				</a>
				
				<div class='input-field left hide'>
					<input id='search-tests' type='text' class='validate browser-default' placeholder='Search Tests...'>
				</div>
				
			</div>
			<!-- search -->
		</div>
	</section>

	<div class='subview-left left'>
		
		<div class='view-summary'>
			<h5>Categories</h3>
			<ul id='category-collection' class='category-collection'>
				
				<li class='category displayed active'>
					<div class='category-heading'>
						<span class='category-name'>@Login</span>
						<span class='category-status right'>
							<span class='label pass'>5</span>
							<span class='label fail'>3</span>
						</span>
					</div>
					<div class='category-content hide'>
						<div class='category-status-counts'>
							<span class='label green accent-4 white-text'>Passed: 5</span>
							<span class='label red lighten-1 white-text'>Failed: 3</span>
							
						</div>
					
						<div class='category-tests'>
							<table class='bordered table-results'>
								<thead>
									<tr>
										<th>Timestamp</th>
										<th>TestName</th>
										<th>Status</th>
									</tr>
								</thead>
								<tbody>
									<tr>
										<td>Aug 30, 2020 09:53:35 PM</td>
										<td class='linked' test-id='3'>Test Journey Binder Login Functionality.Verify Sign in with google account..Verify Sign in with google account.</td>
										<td><span class='test-status fail'>fail</span></td>
									</tr>
									<tr>
										<td>Aug 30, 2020 09:55:21 PM</td>
										<td class='linked' test-id='9'>Test Journey Binder Login Functionality.Verify Sign in with Facebook account..Verify Sign in with Facebook account.</td>
										<td><span class='test-status fail'>fail</span></td>
									</tr>
									<tr>
										<td>Aug 30, 2020 09:56:31 PM</td>
										<td class='linked' test-id='15'>Test Journey Binder Login Functionality.Verify Login with registered email id and password..Verify Login with registered email id and password.</td>
										<td><span class='test-status pass'>pass</span></td>
									</tr>
									<tr>
										<td>Aug 30, 2020 09:57:03 PM</td>
										<td class='linked' test-id='23'>Test Journey Binder Login Functionality.Verify Login invalid email id and password cases..Verify Login invalid email id and password cases.</td>
										<td><span class='test-status pass'>pass</span></td>
									</tr>
									<tr>
										<td>Aug 30, 2020 09:57:27 PM</td>
										<td class='linked' test-id='27'>Test Journey Binder Login Functionality.Verify Login invalid email id and password cases..Verify Login invalid email id and password cases.</td>
										<td><span class='test-status pass'>pass</span></td>
									</tr>
									<tr>
										<td>Aug 30, 2020 09:57:55 PM</td>
										<td class='linked' test-id='31'>Test Journey Binder Login Functionality.Verify Login invalid email id and password cases..Verify Login invalid email id and password cases.</td>
										<td><span class='test-status pass'>pass</span></td>
									</tr>
									<tr>
										<td>Aug 30, 2020 09:58:19 PM</td>
										<td class='linked' test-id='35'>Test Journey Binder Login Functionality.Verify Login invalid email id and password cases..Verify Login invalid email id and password cases.</td>
										<td><span class='test-status pass'>pass</span></td>
									</tr>
									<tr>
										<td>Aug 30, 2020 09:58:46 PM</td>
										<td class='linked' test-id='39'>Test Journey Binder Login Functionality.Verify SignUp Link on Sign in page</td>
										<td><span class='test-status fail'>fail</span></td>
									</tr>
								</tbody>
							</table>
						</div>
					</div>
				</li>
				<li class='category displayed active'>
					<div class='category-heading'>
						<span class='category-name'>@Notification</span>
						<span class='category-status right'>
							<span class='label pass'>3</span>
						</span>
					</div>
					<div class='category-content hide'>
						<div class='category-status-counts'>
							<span class='label green accent-4 white-text'>Passed: 3</span>
							
							
						</div>
					
						<div class='category-tests'>
							<table class='bordered table-results'>
								<thead>
									<tr>
										<th>Timestamp</th>
										<th>TestName</th>
										<th>Status</th>
									</tr>
								</thead>
								<tbody>
									<tr>
										<td>Aug 30, 2020 09:59:06 PM</td>
										<td class='linked' test-id='45'>Test Journey Binder Notification to user functionality.Verify Email Notification..Verify Email Notification.</td>
										<td><span class='test-status pass'>pass</span></td>
									</tr>
									<tr>
										<td>Aug 30, 2020 09:59:42 PM</td>
										<td class='linked' test-id='59'>Test Journey Binder Notification to user functionality.Verify Push Notification..Verify Push Notification.</td>
										<td><span class='test-status pass'>pass</span></td>
									</tr>
									<tr>
										<td>Aug 30, 2020 10:00:16 PM</td>
										<td class='linked' test-id='73'>Test Journey Binder Notification to user functionality.Verify SMS Notification..Verify SMS Notification.</td>
										<td><span class='test-status pass'>pass</span></td>
									</tr>
								</tbody>
							</table>
						</div>
					</div>
				</li>
				<li class='category displayed active'>
					<div class='category-heading'>
						<span class='category-name'>@SignUp</span>
						<span class='category-status right'>
							<span class='label fail'>8</span>
						</span>
					</div>
					<div class='category-content hide'>
						<div class='category-status-counts'>
							
							<span class='label red lighten-1 white-text'>Failed: 8</span>
							
						</div>
					
						<div class='category-tests'>
							<table class='bordered table-results'>
								<thead>
									<tr>
										<th>Timestamp</th>
										<th>TestName</th>
										<th>Status</th>
									</tr>
								</thead>
								<tbody>
									<tr>
										<td>Aug 30, 2020 10:01:00 PM</td>
										<td class='linked' test-id='87'>Test Journey Binder Sign Up Functionality.Verify Sign Up with google account..Verify Sign Up with google account.</td>
										<td><span class='test-status fail'>fail</span></td>
									</tr>
									<tr>
										<td>Aug 30, 2020 10:01:10 PM</td>
										<td class='linked' test-id='93'>Test Journey Binder Sign Up Functionality.Verify Sign Up with Facebook account..Verify Sign Up with Facebook account.</td>
										<td><span class='test-status fail'>fail</span></td>
									</tr>
									<tr>
										<td>Aug 30, 2020 10:01:20 PM</td>
										<td class='linked' test-id='99'>Test Journey Binder Sign Up Functionality.Verify Sign Up with email id and password..Verify Sign Up with email id and password.</td>
										<td><span class='test-status fail'>fail</span></td>
									</tr>
									<tr>
										<td>Aug 30, 2020 10:01:30 PM</td>
										<td class='linked' test-id='105'>Test Journey Binder Sign Up Functionality.Verify Sign Up with email id and password..Verify Sign Up with email id and password.</td>
										<td><span class='test-status fail'>fail</span></td>
									</tr>
									<tr>
										<td>Aug 30, 2020 10:01:40 PM</td>
										<td class='linked' test-id='111'>Test Journey Binder Sign Up Functionality.Verify Sign Up with email id and password..Verify Sign Up with email id and password.</td>
										<td><span class='test-status fail'>fail</span></td>
									</tr>
									<tr>
										<td>Aug 30, 2020 10:01:54 PM</td>
										<td class='linked' test-id='117'>Test Journey Binder Sign Up Functionality.Verify Sign Up with email id and password..Verify Sign Up with email id and password.</td>
										<td><span class='test-status fail'>fail</span></td>
									</tr>
									<tr>
										<td>Aug 30, 2020 10:02:04 PM</td>
										<td class='linked' test-id='124'>Test Journey Binder Sign Up Functionality.Verify Sign Up with invalid case..Verify Sign Up with invalid case.</td>
										<td><span class='test-status fail'>fail</span></td>
									</tr>
									<tr>
										<td>Aug 30, 2020 10:02:15 PM</td>
										<td class='linked' test-id='127'>Test Journey Binder Sign Up Functionality.Verify SignIn Link on Sign Up page</td>
										<td><span class='test-status fail'>fail</span></td>
									</tr>
								</tbody>
							</table>
						</div>
					</div>
				</li>

			</ul>
		</div>
	</div>

	<div class='subview-right left'>
		<div class='view-summary'>
			<h5 class='category-name'></h5>
		</div>
	</div>
</div>
<!-- category view -->
<div id='exception-view' class='view hide'>

    <section id='controls'>
        <div class='controls grey lighten-4'>
            <!-- search -->
            <div class='chip transparent' alt='Search Tests' title='Search Tests'>
                <a href="#" class='search-div'>
                    <i class='material-icons'>search</i> Search
                </a>

                <div class='input-field left hide'>
                    <input id='search-tests' type='text' class='validate browser-default' placeholder='Search Tests...'>
                </div>

            </div>
            <!-- search -->
        </div>
    </section>

    <div class='subview-left left'>

        <div class='view-summary'>
            <h5>Exceptions</h3>
                <ul id='exception-collection' class='exception-collection'>

                        <li class='exception displayed active'>
                            <div class='exception-heading'>
                                <span class='exception-name'>org.openqa.selenium.NoSuchElementException</span>
                                <span class='exception-count right'><span class='label red lighten-1 white-text'>2</span></span>
                            </div>
                            <div class='exception-content hide'>
                                <div class='exception-tests'>
                                    <table class='bordered table-results'>
                                        <thead>
                                        <tr>
                                            <th>Timestamp</th>
                                            <th>TestName</th>
                                            <th>Status</th>
                                        </tr>
                                        </thead>
                                        <tbody>
                                                    <tr>
                                                        <td>Aug 30, 2020 09:53:43 PM</td>
                                                        <td class='linked' test-id='4'>Test Journey Binder Login Functionality.Verify Sign in with google account..Verify Sign in with google account..Given SignIn to Journey Binder with Google "praveenjaiswalqa@gmail.com" and "amazon"</td>
                                                        <td><pre><pre>org.openqa.selenium.NoSuchElementException: no such element: Unable to locate element: {"method":"xpath","selector":"//input[@type='password']"}
  (Session info: chrome=85.0.4183.83)
For documentation on this error, please visit: https://www.seleniumhq.org/exceptions/no_such_element.html
Build info: version: '3.141.59', revision: 'e82be7d358', time: '2018-11-14T08:17:03'
System info: host: 'DESKTOP-1QIO4VG', ip: '192.168.1.111', os.name: 'Windows 10', os.arch: 'amd64', os.version: '10.0', java.version: '1.8.0_251'
Driver info: org.openqa.selenium.chrome.ChromeDriver
Capabilities {acceptInsecureCerts: false, browserName: chrome, browserVersion: 85.0.4183.83, chrome: {chromedriverVersion: 85.0.4183.83 (94abc2237ae0c..., userDataDir: C:\Users\prave\AppData\Loca...}, goog:chromeOptions: {debuggerAddress: localhost:53357}, javascriptEnabled: true, networkConnectionEnabled: false, pageLoadStrategy: none, platform: WINDOWS, platformName: WINDOWS, proxy: Proxy(), setWindowRect: true, strictFileInteractability: false, timeouts: {implicit: 0, pageLoad: 300000, script: 30000}, unhandledPromptBehavior: dismiss and notify, webauthn:virtualAuthenticators: true}
Session ID: cc24dcda038a71037a3efcb87aeac71f
*** Element info: {Using=xpath, value=//input[@type='password']}
	at sun.reflect.NativeConstructorAccessorImpl.newInstance0(Native Method)
	at sun.reflect.NativeConstructorAccessorImpl.newInstance(Unknown Source)
	at sun.reflect.DelegatingConstructorAccessorImpl.newInstance(Unknown Source)
	at java.lang.reflect.Constructor.newInstance(Unknown Source)
	at org.openqa.selenium.remote.http.W3CHttpResponseCodec.createException(W3CHttpResponseCodec.java:187)
	at org.openqa.selenium.remote.http.W3CHttpResponseCodec.decode(W3CHttpResponseCodec.java:122)
	at org.openqa.selenium.remote.http.W3CHttpResponseCodec.decode(W3CHttpResponseCodec.java:49)
	at org.openqa.selenium.remote.HttpCommandExecutor.execute(HttpCommandExecutor.java:158)
	at org.openqa.selenium.remote.service.DriverCommandExecutor.execute(DriverCommandExecutor.java:83)
	at org.openqa.selenium.remote.RemoteWebDriver.execute(RemoteWebDriver.java:552)
	at org.openqa.selenium.remote.RemoteWebDriver.findElement(RemoteWebDriver.java:323)
	at org.openqa.selenium.remote.RemoteWebDriver.findElementByXPath(RemoteWebDriver.java:428)
	at org.openqa.selenium.By$ByXPath.findElement(By.java:353)
	at org.openqa.selenium.remote.RemoteWebDriver.findElement(RemoteWebDriver.java:315)
	at org.openqa.selenium.support.pagefactory.DefaultElementLocator.findElement(DefaultElementLocator.java:69)
	at org.openqa.selenium.support.pagefactory.internal.LocatingElementHandler.invoke(LocatingElementHandler.java:38)
	at com.sun.proxy.$Proxy22.sendKeys(Unknown Source)
	at PagePanel.LoginPagePanel.switchWindowAndEnterGooglecredentials(LoginPagePanel.java:50)
	at StepDefinition.LoginStep.SignIn_to_Journey_Binder_with_Google_and(LoginStep.java:24)
	at ?.Given SignIn to Journey Binder with Google "praveenjaiswalqa@gmail.com" and "amazon"(Login.feature:15)
</pre></pre></td>
                                                    </tr>
                                                    <tr>
                                                        <td>Aug 30, 2020 09:55:27 PM</td>
                                                        <td class='linked' test-id='10'>Test Journey Binder Login Functionality.Verify Sign in with Facebook account..Verify Sign in with Facebook account..Given SignIn to Journey Binder with Facebook "demo@journeybinder.com" and "amazon"</td>
                                                        <td><pre><pre>org.openqa.selenium.NoSuchElementException: no such element: Unable to locate element: {"method":"xpath","selector":"//*[contains(text(),'Sign In with Facebook')]"}
  (Session info: chrome=85.0.4183.83)
For documentation on this error, please visit: https://www.seleniumhq.org/exceptions/no_such_element.html
Build info: version: '3.141.59', revision: 'e82be7d358', time: '2018-11-14T08:17:03'
System info: host: 'DESKTOP-1QIO4VG', ip: '192.168.1.111', os.name: 'Windows 10', os.arch: 'amd64', os.version: '10.0', java.version: '1.8.0_251'
Driver info: org.openqa.selenium.chrome.ChromeDriver
Capabilities {acceptInsecureCerts: false, browserName: chrome, browserVersion: 85.0.4183.83, chrome: {chromedriverVersion: 85.0.4183.83 (94abc2237ae0c..., userDataDir: C:\Users\prave\AppData\Loca...}, goog:chromeOptions: {debuggerAddress: localhost:53412}, javascriptEnabled: true, networkConnectionEnabled: false, pageLoadStrategy: none, platform: WINDOWS, platformName: WINDOWS, proxy: Proxy(), setWindowRect: true, strictFileInteractability: false, timeouts: {implicit: 0, pageLoad: 300000, script: 30000}, unhandledPromptBehavior: dismiss and notify, webauthn:virtualAuthenticators: true}
Session ID: 290c73e4f3d7a297dfd4a872585f8f92
*** Element info: {Using=xpath, value=//*[contains(text(),'Sign In with Facebook')]}
	at sun.reflect.NativeConstructorAccessorImpl.newInstance0(Native Method)
	at sun.reflect.NativeConstructorAccessorImpl.newInstance(Unknown Source)
	at sun.reflect.DelegatingConstructorAccessorImpl.newInstance(Unknown Source)
	at java.lang.reflect.Constructor.newInstance(Unknown Source)
	at org.openqa.selenium.remote.http.W3CHttpResponseCodec.createException(W3CHttpResponseCodec.java:187)
	at org.openqa.selenium.remote.http.W3CHttpResponseCodec.decode(W3CHttpResponseCodec.java:122)
	at org.openqa.selenium.remote.http.W3CHttpResponseCodec.decode(W3CHttpResponseCodec.java:49)
	at org.openqa.selenium.remote.HttpCommandExecutor.execute(HttpCommandExecutor.java:158)
	at org.openqa.selenium.remote.service.DriverCommandExecutor.execute(DriverCommandExecutor.java:83)
	at org.openqa.selenium.remote.RemoteWebDriver.execute(RemoteWebDriver.java:552)
	at org.openqa.selenium.remote.RemoteWebDriver.findElement(RemoteWebDriver.java:323)
	at org.openqa.selenium.remote.RemoteWebDriver.findElementByXPath(RemoteWebDriver.java:428)
	at org.openqa.selenium.By$ByXPath.findElement(By.java:353)
	at org.openqa.selenium.remote.RemoteWebDriver.findElement(RemoteWebDriver.java:315)
	at org.openqa.selenium.support.pagefactory.DefaultElementLocator.findElement(DefaultElementLocator.java:69)
	at org.openqa.selenium.support.pagefactory.internal.LocatingElementHandler.invoke(LocatingElementHandler.java:38)
	at com.sun.proxy.$Proxy22.click(Unknown Source)
	at PagePanel.LoginPagePanel.clickOnSignInWithFacebookBtn(LoginPagePanel.java:32)
	at StepDefinition.LoginStep.SignIn_to_Journey_Binder_with_Facebook_and(LoginStep.java:31)
	at ?.Given SignIn to Journey Binder with Facebook "demo@journeybinder.com" and "amazon"(Login.feature:26)
</pre></pre></td>
                                                    </tr>
                                        </tbody>
                                    </table>
                                </div>
                            </div>
                        </li>
                        <li class='exception displayed active'>
                            <div class='exception-heading'>
                                <span class='exception-name'>org.openqa.selenium.NoSuchSessionException</span>
                                <span class='exception-count right'><span class='label red lighten-1 white-text'>9</span></span>
                            </div>
                            <div class='exception-content hide'>
                                <div class='exception-tests'>
                                    <table class='bordered table-results'>
                                        <thead>
                                        <tr>
                                            <th>Timestamp</th>
                                            <th>TestName</th>
                                            <th>Status</th>
                                        </tr>
                                        </thead>
                                        <tbody>
                                                    <tr>
                                                        <td>Aug 30, 2020 09:58:58 PM</td>
                                                        <td class='linked' test-id='41'>Test Journey Binder Login Functionality.Verify SignUp Link on Sign in page.When User clicks on SignUp Link</td>
                                                        <td><pre><pre>org.openqa.selenium.NoSuchSessionException: Session ID is null. Using WebDriver after calling quit()?
Build info: version: '3.141.59', revision: 'e82be7d358', time: '2018-11-14T08:17:03'
System info: host: 'DESKTOP-1QIO4VG', ip: '192.168.1.111', os.name: 'Windows 10', os.arch: 'amd64', os.version: '10.0', java.version: '1.8.0_251'
Driver info: driver.version: RemoteWebDriver
	at org.openqa.selenium.remote.HttpCommandExecutor.execute(HttpCommandExecutor.java:125)
	at org.openqa.selenium.remote.service.DriverCommandExecutor.execute(DriverCommandExecutor.java:83)
	at org.openqa.selenium.remote.RemoteWebDriver.execute(RemoteWebDriver.java:552)
	at org.openqa.selenium.remote.RemoteWebDriver.executeScript(RemoteWebDriver.java:489)
	at Resource.UtilityClass.scrollToElement(UtilityClass.java:135)
	at PagePanel.LoginPagePanel.validateSignUpLink(LoginPagePanel.java:132)
	at StepDefinition.LoginStep.user_clicks_on_SignUp_Link(LoginStep.java:92)
	at ?.When User clicks on SignUp Link(Login.feature:65)
</pre></pre></td>
                                                    </tr>
                                                    <tr>
                                                        <td>Aug 30, 2020 10:01:06 PM</td>
                                                        <td class='linked' test-id='88'>Test Journey Binder Sign Up Functionality.Verify Sign Up with google account..Verify Sign Up with google account..Given SignUp to Journey Binder with Google "praveenjaiswalqa@gmail.com" and "amazon"</td>
                                                        <td><pre><pre>org.openqa.selenium.NoSuchSessionException: Session ID is null. Using WebDriver after calling quit()?
Build info: version: '3.141.59', revision: 'e82be7d358', time: '2018-11-14T08:17:03'
System info: host: 'DESKTOP-1QIO4VG', ip: '192.168.1.111', os.name: 'Windows 10', os.arch: 'amd64', os.version: '10.0', java.version: '1.8.0_251'
Driver info: driver.version: RemoteWebDriver
	at org.openqa.selenium.remote.HttpCommandExecutor.execute(HttpCommandExecutor.java:125)
	at org.openqa.selenium.remote.service.DriverCommandExecutor.execute(DriverCommandExecutor.java:83)
	at org.openqa.selenium.remote.RemoteWebDriver.execute(RemoteWebDriver.java:552)
	at org.openqa.selenium.remote.RemoteWebDriver.executeScript(RemoteWebDriver.java:489)
	at Resource.UtilityClass.scrollToElement(UtilityClass.java:135)
	at PagePanel.LoginPagePanel.validateSignUpLink(LoginPagePanel.java:132)
	at StepDefinition.SignUpStep.signup_to_Journey_Binder_with_Google_and(SignUpStep.java:22)
	at ?.Given SignUp to Journey Binder with Google "praveenjaiswalqa@gmail.com" and "amazon"(SignUp.feature:15)
</pre></pre></td>
                                                    </tr>
                                                    <tr>
                                                        <td>Aug 30, 2020 10:01:16 PM</td>
                                                        <td class='linked' test-id='94'>Test Journey Binder Sign Up Functionality.Verify Sign Up with Facebook account..Verify Sign Up with Facebook account..Given SignUp to Journey Binder with Facebook "praveenjaiswalqa@gmail.com" and "amazon"</td>
                                                        <td><pre><pre>org.openqa.selenium.NoSuchSessionException: Session ID is null. Using WebDriver after calling quit()?
Build info: version: '3.141.59', revision: 'e82be7d358', time: '2018-11-14T08:17:03'
System info: host: 'DESKTOP-1QIO4VG', ip: '192.168.1.111', os.name: 'Windows 10', os.arch: 'amd64', os.version: '10.0', java.version: '1.8.0_251'
Driver info: driver.version: RemoteWebDriver
	at org.openqa.selenium.remote.HttpCommandExecutor.execute(HttpCommandExecutor.java:125)
	at org.openqa.selenium.remote.service.DriverCommandExecutor.execute(DriverCommandExecutor.java:83)
	at org.openqa.selenium.remote.RemoteWebDriver.execute(RemoteWebDriver.java:552)
	at org.openqa.selenium.remote.RemoteWebDriver.executeScript(RemoteWebDriver.java:489)
	at Resource.UtilityClass.scrollToElement(UtilityClass.java:135)
	at PagePanel.LoginPagePanel.validateSignUpLink(LoginPagePanel.java:132)
	at StepDefinition.SignUpStep.signup_to_Journey_Binder_with_Facebook_and(SignUpStep.java:30)
	at ?.Given SignUp to Journey Binder with Facebook "praveenjaiswalqa@gmail.com" and "amazon"(SignUp.feature:27)
</pre></pre></td>
                                                    </tr>
                                                    <tr>
                                                        <td>Aug 30, 2020 10:01:26 PM</td>
                                                        <td class='linked' test-id='100'>Test Journey Binder Sign Up Functionality.Verify Sign Up with email id and password..Verify Sign Up with email id and password..Given SignUp to Journey Binder with "journey" and "amazon"</td>
                                                        <td><pre><pre>org.openqa.selenium.NoSuchSessionException: Session ID is null. Using WebDriver after calling quit()?
Build info: version: '3.141.59', revision: 'e82be7d358', time: '2018-11-14T08:17:03'
System info: host: 'DESKTOP-1QIO4VG', ip: '192.168.1.111', os.name: 'Windows 10', os.arch: 'amd64', os.version: '10.0', java.version: '1.8.0_251'
Driver info: driver.version: RemoteWebDriver
	at org.openqa.selenium.remote.HttpCommandExecutor.execute(HttpCommandExecutor.java:125)
	at org.openqa.selenium.remote.service.DriverCommandExecutor.execute(DriverCommandExecutor.java:83)
	at org.openqa.selenium.remote.RemoteWebDriver.execute(RemoteWebDriver.java:552)
	at org.openqa.selenium.remote.RemoteWebDriver.executeScript(RemoteWebDriver.java:489)
	at Resource.UtilityClass.scrollToElement(UtilityClass.java:135)
	at PagePanel.LoginPagePanel.validateSignUpLink(LoginPagePanel.java:132)
	at StepDefinition.SignUpStep.signup_to_Journey_Binder_with_and(SignUpStep.java:44)
	at ?.Given SignUp to Journey Binder with "journey" and "amazon"(SignUp.feature:38)
</pre></pre></td>
                                                    </tr>
                                                    <tr>
                                                        <td>Aug 30, 2020 10:01:36 PM</td>
                                                        <td class='linked' test-id='106'>Test Journey Binder Sign Up Functionality.Verify Sign Up with email id and password..Verify Sign Up with email id and password..Given SignUp to Journey Binder with "" and "anasod"</td>
                                                        <td><pre><pre>org.openqa.selenium.NoSuchSessionException: Session ID is null. Using WebDriver after calling quit()?
Build info: version: '3.141.59', revision: 'e82be7d358', time: '2018-11-14T08:17:03'
System info: host: 'DESKTOP-1QIO4VG', ip: '192.168.1.111', os.name: 'Windows 10', os.arch: 'amd64', os.version: '10.0', java.version: '1.8.0_251'
Driver info: driver.version: RemoteWebDriver
	at org.openqa.selenium.remote.HttpCommandExecutor.execute(HttpCommandExecutor.java:125)
	at org.openqa.selenium.remote.service.DriverCommandExecutor.execute(DriverCommandExecutor.java:83)
	at org.openqa.selenium.remote.RemoteWebDriver.execute(RemoteWebDriver.java:552)
	at org.openqa.selenium.remote.RemoteWebDriver.executeScript(RemoteWebDriver.java:489)
	at Resource.UtilityClass.scrollToElement(UtilityClass.java:135)
	at PagePanel.LoginPagePanel.validateSignUpLink(LoginPagePanel.java:132)
	at StepDefinition.SignUpStep.signup_to_Journey_Binder_with_and(SignUpStep.java:44)
	at ?.Given SignUp to Journey Binder with "" and "anasod"(SignUp.feature:38)
</pre></pre></td>
                                                    </tr>
                                                    <tr>
                                                        <td>Aug 30, 2020 10:01:46 PM</td>
                                                        <td class='linked' test-id='112'>Test Journey Binder Sign Up Functionality.Verify Sign Up with email id and password..Verify Sign Up with email id and password..Given SignUp to Journey Binder with "acsws" and "dfksfk"</td>
                                                        <td><pre><pre>org.openqa.selenium.NoSuchSessionException: Session ID is null. Using WebDriver after calling quit()?
Build info: version: '3.141.59', revision: 'e82be7d358', time: '2018-11-14T08:17:03'
System info: host: 'DESKTOP-1QIO4VG', ip: '192.168.1.111', os.name: 'Windows 10', os.arch: 'amd64', os.version: '10.0', java.version: '1.8.0_251'
Driver info: driver.version: RemoteWebDriver
	at org.openqa.selenium.remote.HttpCommandExecutor.execute(HttpCommandExecutor.java:125)
	at org.openqa.selenium.remote.service.DriverCommandExecutor.execute(DriverCommandExecutor.java:83)
	at org.openqa.selenium.remote.RemoteWebDriver.execute(RemoteWebDriver.java:552)
	at org.openqa.selenium.remote.RemoteWebDriver.executeScript(RemoteWebDriver.java:489)
	at Resource.UtilityClass.scrollToElement(UtilityClass.java:135)
	at PagePanel.LoginPagePanel.validateSignUpLink(LoginPagePanel.java:132)
	at StepDefinition.SignUpStep.signup_to_Journey_Binder_with_and(SignUpStep.java:44)
	at ?.Given SignUp to Journey Binder with "acsws" and "dfksfk"(SignUp.feature:38)
</pre></pre></td>
                                                    </tr>
                                                    <tr>
                                                        <td>Aug 30, 2020 10:02:00 PM</td>
                                                        <td class='linked' test-id='118'>Test Journey Binder Sign Up Functionality.Verify Sign Up with email id and password..Verify Sign Up with email id and password..Given SignUp to Journey Binder with "@#$%^%" and "WEE@#cvx"</td>
                                                        <td><pre><pre>org.openqa.selenium.NoSuchSessionException: Session ID is null. Using WebDriver after calling quit()?
Build info: version: '3.141.59', revision: 'e82be7d358', time: '2018-11-14T08:17:03'
System info: host: 'DESKTOP-1QIO4VG', ip: '192.168.1.111', os.name: 'Windows 10', os.arch: 'amd64', os.version: '10.0', java.version: '1.8.0_251'
Driver info: driver.version: RemoteWebDriver
	at org.openqa.selenium.remote.HttpCommandExecutor.execute(HttpCommandExecutor.java:125)
	at org.openqa.selenium.remote.service.DriverCommandExecutor.execute(DriverCommandExecutor.java:83)
	at org.openqa.selenium.remote.RemoteWebDriver.execute(RemoteWebDriver.java:552)
	at org.openqa.selenium.remote.RemoteWebDriver.executeScript(RemoteWebDriver.java:489)
	at Resource.UtilityClass.scrollToElement(UtilityClass.java:135)
	at PagePanel.LoginPagePanel.validateSignUpLink(LoginPagePanel.java:132)
	at StepDefinition.SignUpStep.signup_to_Journey_Binder_with_and(SignUpStep.java:44)
	at ?.Given SignUp to Journey Binder with "@#$%^%" and "WEE@#cvx"(SignUp.feature:38)
</pre></pre></td>
                                                    </tr>
                                                    <tr>
                                                        <td>Aug 30, 2020 10:02:10 PM</td>
                                                        <td class='linked' test-id='125'>Test Journey Binder Sign Up Functionality.Verify Sign Up with invalid case..Verify Sign Up with invalid case..Given Verify SignUp to Journey Binder with "" and ""</td>
                                                        <td><pre><pre>org.openqa.selenium.NoSuchSessionException: Session ID is null. Using WebDriver after calling quit()?
Build info: version: '3.141.59', revision: 'e82be7d358', time: '2018-11-14T08:17:03'
System info: host: 'DESKTOP-1QIO4VG', ip: '192.168.1.111', os.name: 'Windows 10', os.arch: 'amd64', os.version: '10.0', java.version: '1.8.0_251'
Driver info: driver.version: RemoteWebDriver
	at org.openqa.selenium.remote.HttpCommandExecutor.execute(HttpCommandExecutor.java:125)
	at org.openqa.selenium.remote.service.DriverCommandExecutor.execute(DriverCommandExecutor.java:83)
	at org.openqa.selenium.remote.RemoteWebDriver.execute(RemoteWebDriver.java:552)
	at org.openqa.selenium.remote.RemoteWebDriver.executeScript(RemoteWebDriver.java:489)
	at Resource.UtilityClass.scrollToElement(UtilityClass.java:135)
	at PagePanel.LoginPagePanel.validateSignUpLink(LoginPagePanel.java:132)
	at StepDefinition.SignUpStep.verify_signup_to_Journey_Binder_with_and(SignUpStep.java:54)
	at ?.Given Verify SignUp to Journey Binder with "" and ""(SignUp.feature:53)
</pre></pre></td>
                                                    </tr>
                                                    <tr>
                                                        <td>Aug 30, 2020 10:02:26 PM</td>
                                                        <td class='linked' test-id='129'>Test Journey Binder Sign Up Functionality.Verify SignIn Link on Sign Up page.When User clicks on SignUp Link</td>
                                                        <td><pre><pre>org.openqa.selenium.NoSuchSessionException: Session ID is null. Using WebDriver after calling quit()?
Build info: version: '3.141.59', revision: 'e82be7d358', time: '2018-11-14T08:17:03'
System info: host: 'DESKTOP-1QIO4VG', ip: '192.168.1.111', os.name: 'Windows 10', os.arch: 'amd64', os.version: '10.0', java.version: '1.8.0_251'
Driver info: driver.version: RemoteWebDriver
	at org.openqa.selenium.remote.HttpCommandExecutor.execute(HttpCommandExecutor.java:125)
	at org.openqa.selenium.remote.service.DriverCommandExecutor.execute(DriverCommandExecutor.java:83)
	at org.openqa.selenium.remote.RemoteWebDriver.execute(RemoteWebDriver.java:552)
	at org.openqa.selenium.remote.RemoteWebDriver.executeScript(RemoteWebDriver.java:489)
	at Resource.UtilityClass.scrollToElement(UtilityClass.java:135)
	at PagePanel.LoginPagePanel.validateSignUpLink(LoginPagePanel.java:132)
	at StepDefinition.LoginStep.user_clicks_on_SignUp_Link(LoginStep.java:92)
	at ?.When User clicks on SignUp Link(SignUp.feature:63)
</pre></pre></td>
                                                    </tr>
                                        </tbody>
                                    </table>
                                </div>
                            </div>
                        </li>
                </ul>
        </div>
    </div>

    <div class='subview-right left'>
        <div class='view-summary'>
            <h5 class='exception-name'></h5>
        </div>
    </div>
</div>
<!-- exception view -->
<div id='dashboard-view' class='view hide'>
	<div class='card-panel transparent np-v'>
		<h5>Dashboard</h5>

		<div class='row'>
			<div class='col s2'>
				<div class='card-panel r'>
					Features
					<div class='panel-lead'>3</div>
				</div>
			</div>
			<div class='col s2'>
				<div class='card-panel r'>
					Scenarios
					<div class='panel-lead'>19</div>
				</div>
			</div>
			<div class='col s2'>
				<div class='card-panel r'>
					Steps
					<div class='panel-lead'>98</div>
				</div>
			</div>
			<div class='col s2'>
				<div class='card-panel r'>
					Start
					<div class='panel-lead'>Aug 30, 2020 09:53:35 PM</div>
				</div>
			</div>
			<div class='col s2'>
				<div class='card-panel r'>
			 		End
			 		<div class='panel-lead'>Aug 30, 2020 10:02:35 PM</div>
				</div>
			</div>
			<div class='col s2'>
				<div class='card-panel r'>
					Time Taken
					<div class='panel-lead'>540,011ms</div>
				</div>
			</div>
			<div class='col s6'>
				<div class='card-panel dashboard-categories'>
					<span class='right label cyan white-text'>Categories</span><p>&nbsp;</p>
					
					<table>
						<tr>
							<th>Name</th>
							<th>Passed</th>
							<th>Failed</th>
							<th>Others</th>
							<th>Passed %</th>
						</tr>
						<tr>
							<td>@Login</td>
							<td>5</td>
							<td>3</td>
							<td>0</td>
							<td>
									62.5%
							</td>
						</tr>
						<tr>
							<td>@Notification</td>
							<td>3</td>
							<td>0</td>
							<td>0</td>
							<td>
									100%
							</td>
						</tr>
						<tr>
							<td>@SignUp</td>
							<td>0</td>
							<td>8</td>
							<td>0</td>
							<td>
									0%
							</td>
						</tr>
					</table>
				</div>
			</div>
		</div>
	</div>
</div>
<!-- dashboard view -->
<!-- testrunner-logs view -->
		</div>
		<!-- container -->

		<script>
			var statusGroup = {
				passParent: 1,
				failParent: 2,
				fatalParent: 0,
				errorParent: 0,
				warningParent: 0,
				skipParent: 0,
				exceptionsParent: 2,
				
				passChild: 8,
				failChild: 11,
				fatalChild: 0,
				errorChild: 0,
				warningChild: 0,
				skipChild: 0,
				infoChild: 0,
				exceptionsChild: 11,
				
				passGrandChild: 55,
				failGrandChild: 11,
				fatalGrandChild: 0,
				errorGrandChild: 0,
				warningGrandChild: 0,
				skipGrandChild: 32,
				infoGrandChild: 0,
				exceptionsGrandChild: 43,
			};
		</script>
		
			<script src='https://cdn.rawgit.com/anshooarora/extentreports-java/fca20fb7653aade98810546ab96a2a4360e3e712/dist/js/extent.js' type='text/javascript'></script>
		
		
 		<script type='text/javascript'>
 		</script>
	</body>
	
</html>
